<?xml version="1.0" encoding="UTF-8"?>
<!-- Generated by org.testng.reporters.JUnitReportReporter -->
<testsuite hostname="Hrushipriya8519" failures="0" tests="1" name="Com.Orange.qa.pages.OrangeHRMAdminpage" time="0.011" errors="0" timestamp="2022-10-11T00:58:16 IST" skipped="0">
  <testcase classname="Com.Orange.qa.pages.OrangeHRMAdminpage" name="Syso" time="0.011"/>
  <system-out/>
</testsuite> <!-- Com.Orange.qa.pages.OrangeHRMAdminpage -->
